<?xml version="1.0" encoding="UTF-8"?>
<testsuite xmlns:xsi="http://www.w3.org/2001/XMLSchema-instance" xsi:noNamespaceSchemaLocation="https://maven.apache.org/surefire/maven-surefire-plugin/xsd/surefire-test-report-3.0.xsd" version="3.0" name="com.api.service.ServiceApplicationTests" time="14.955" tests="1" errors="0" skipped="0" failures="0">
  <properties>
    <property name="java.specification.version" value="19"/>
    <property name="sun.cpu.isalist" value="amd64"/>
    <property name="sun.jnu.encoding" value="Cp1252"/>
    <property name="java.class.path" value="C:\Users\genes\Documents\Proyecto Argentina\BackEnd\portfolio-BackEnd\service\service\target\test-classes;C:\Users\genes\Documents\Proyecto Argentina\BackEnd\portfolio-BackEnd\service\service\target\classes;C:\Users\genes\.m2\repository\org\springframework\boot\spring-boot-starter-data-jpa\3.1.0-SNAPSHOT\spring-boot-starter-data-jpa-3.1.0-SNAPSHOT.jar;C:\Users\genes\.m2\repository\org\springframework\boot\spring-boot-starter-aop\3.1.0-SNAPSHOT\spring-boot-starter-aop-3.1.0-SNAPSHOT.jar;C:\Users\genes\.m2\repository\org\springframework\spring-aop\6.0.8\spring-aop-6.0.8.jar;C:\Users\genes\.m2\repository\org\aspectj\aspectjweaver\1.9.19\aspectjweaver-1.9.19.jar;C:\Users\genes\.m2\repository\org\springframework\boot\spring-boot-starter-jdbc\3.1.0-SNAPSHOT\spring-boot-starter-jdbc-3.1.0-SNAPSHOT.jar;C:\Users\genes\.m2\repository\com\zaxxer\HikariCP\5.0.1\HikariCP-5.0.1.jar;C:\Users\genes\.m2\repository\org\springframework\spring-jdbc\6.0.8\spring-jdbc-6.0.8.jar;C:\Users\genes\.m2\repository\org\hibernate\orm\hibernate-core\6.2.1.Final\hibernate-core-6.2.1.Final.jar;C:\Users\genes\.m2\repository\jakarta\persistence\jakarta.persistence-api\3.1.0\jakarta.persistence-api-3.1.0.jar;C:\Users\genes\.m2\repository\jakarta\transaction\jakarta.transaction-api\2.0.1\jakarta.transaction-api-2.0.1.jar;C:\Users\genes\.m2\repository\org\jboss\logging\jboss-logging\3.5.0.Final\jboss-logging-3.5.0.Final.jar;C:\Users\genes\.m2\repository\org\hibernate\common\hibernate-commons-annotations\6.0.6.Final\hibernate-commons-annotations-6.0.6.Final.jar;C:\Users\genes\.m2\repository\io\smallrye\jandex\3.0.5\jandex-3.0.5.jar;C:\Users\genes\.m2\repository\com\fasterxml\classmate\1.5.1\classmate-1.5.1.jar;C:\Users\genes\.m2\repository\net\bytebuddy\byte-buddy\1.14.4\byte-buddy-1.14.4.jar;C:\Users\genes\.m2\repository\org\glassfish\jaxb\jaxb-runtime\4.0.2\jaxb-runtime-4.0.2.jar;C:\Users\genes\.m2\repository\org\glassfish\jaxb\jaxb-core\4.0.2\jaxb-core-4.0.2.jar;C:\Users\genes\.m2\repository\org\eclipse\angus\angus-activation\2.0.0\angus-activation-2.0.0.jar;C:\Users\genes\.m2\repository\org\glassfish\jaxb\txw2\4.0.2\txw2-4.0.2.jar;C:\Users\genes\.m2\repository\com\sun\istack\istack-commons-runtime\4.1.1\istack-commons-runtime-4.1.1.jar;C:\Users\genes\.m2\repository\jakarta\inject\jakarta.inject-api\2.0.1\jakarta.inject-api-2.0.1.jar;C:\Users\genes\.m2\repository\org\antlr\antlr4-runtime\4.10.1\antlr4-runtime-4.10.1.jar;C:\Users\genes\.m2\repository\org\springframework\data\spring-data-jpa\3.1.0-RC1\spring-data-jpa-3.1.0-RC1.jar;C:\Users\genes\.m2\repository\org\springframework\data\spring-data-commons\3.1.0-RC1\spring-data-commons-3.1.0-RC1.jar;C:\Users\genes\.m2\repository\org\springframework\spring-orm\6.0.8\spring-orm-6.0.8.jar;C:\Users\genes\.m2\repository\org\springframework\spring-context\6.0.8\spring-context-6.0.8.jar;C:\Users\genes\.m2\repository\org\springframework\spring-tx\6.0.8\spring-tx-6.0.8.jar;C:\Users\genes\.m2\repository\org\springframework\spring-beans\6.0.8\spring-beans-6.0.8.jar;C:\Users\genes\.m2\repository\jakarta\annotation\jakarta.annotation-api\2.1.1\jakarta.annotation-api-2.1.1.jar;C:\Users\genes\.m2\repository\org\slf4j\slf4j-api\2.0.7\slf4j-api-2.0.7.jar;C:\Users\genes\.m2\repository\org\springframework\spring-aspects\6.0.8\spring-aspects-6.0.8.jar;C:\Users\genes\.m2\repository\org\springframework\boot\spring-boot-starter-web\3.1.0-SNAPSHOT\spring-boot-starter-web-3.1.0-SNAPSHOT.jar;C:\Users\genes\.m2\repository\org\springframework\boot\spring-boot-starter\3.1.0-SNAPSHOT\spring-boot-starter-3.1.0-SNAPSHOT.jar;C:\Users\genes\.m2\repository\org\springframework\boot\spring-boot-starter-logging\3.1.0-SNAPSHOT\spring-boot-starter-logging-3.1.0-SNAPSHOT.jar;C:\Users\genes\.m2\repository\ch\qos\logback\logback-classic\1.4.7\logback-classic-1.4.7.jar;C:\Users\genes\.m2\repository\ch\qos\logback\logback-core\1.4.7\logback-core-1.4.7.jar;C:\Users\genes\.m2\repository\org\apache\logging\log4j\log4j-to-slf4j\2.20.0\log4j-to-slf4j-2.20.0.jar;C:\Users\genes\.m2\repository\org\apache\logging\log4j\log4j-api\2.20.0\log4j-api-2.20.0.jar;C:\Users\genes\.m2\repository\org\slf4j\jul-to-slf4j\2.0.7\jul-to-slf4j-2.0.7.jar;C:\Users\genes\.m2\repository\org\yaml\snakeyaml\1.33\snakeyaml-1.33.jar;C:\Users\genes\.m2\repository\org\springframework\boot\spring-boot-starter-json\3.1.0-SNAPSHOT\spring-boot-starter-json-3.1.0-SNAPSHOT.jar;C:\Users\genes\.m2\repository\com\fasterxml\jackson\core\jackson-databind\2.15.0-rc3\jackson-databind-2.15.0-rc3.jar;C:\Users\genes\.m2\repository\com\fasterxml\jackson\core\jackson-annotations\2.15.0-rc3\jackson-annotations-2.15.0-rc3.jar;C:\Users\genes\.m2\repository\com\fasterxml\jackson\core\jackson-core\2.15.0-rc3\jackson-core-2.15.0-rc3.jar;C:\Users\genes\.m2\repository\com\fasterxml\jackson\datatype\jackson-datatype-jdk8\2.15.0-rc3\jackson-datatype-jdk8-2.15.0-rc3.jar;C:\Users\genes\.m2\repository\com\fasterxml\jackson\datatype\jackson-datatype-jsr310\2.15.0-rc3\jackson-datatype-jsr310-2.15.0-rc3.jar;C:\Users\genes\.m2\repository\com\fasterxml\jackson\module\jackson-module-parameter-names\2.15.0-rc3\jackson-module-parameter-names-2.15.0-rc3.jar;C:\Users\genes\.m2\repository\org\springframework\boot\spring-boot-starter-tomcat\3.1.0-SNAPSHOT\spring-boot-starter-tomcat-3.1.0-SNAPSHOT.jar;C:\Users\genes\.m2\repository\org\apache\tomcat\embed\tomcat-embed-core\10.1.8\tomcat-embed-core-10.1.8.jar;C:\Users\genes\.m2\repository\org\apache\tomcat\embed\tomcat-embed-el\10.1.8\tomcat-embed-el-10.1.8.jar;C:\Users\genes\.m2\repository\org\apache\tomcat\embed\tomcat-embed-websocket\10.1.8\tomcat-embed-websocket-10.1.8.jar;C:\Users\genes\.m2\repository\org\springframework\spring-web\6.0.8\spring-web-6.0.8.jar;C:\Users\genes\.m2\repository\io\micrometer\micrometer-observation\1.11.0-RC1\micrometer-observation-1.11.0-RC1.jar;C:\Users\genes\.m2\repository\io\micrometer\micrometer-commons\1.11.0-RC1\micrometer-commons-1.11.0-RC1.jar;C:\Users\genes\.m2\repository\org\springframework\spring-webmvc\6.0.8\spring-webmvc-6.0.8.jar;C:\Users\genes\.m2\repository\org\springframework\spring-expression\6.0.8\spring-expression-6.0.8.jar;C:\Users\genes\.m2\repository\org\springframework\boot\spring-boot-devtools\3.1.0-SNAPSHOT\spring-boot-devtools-3.1.0-SNAPSHOT.jar;C:\Users\genes\.m2\repository\org\springframework\boot\spring-boot\3.1.0-SNAPSHOT\spring-boot-3.1.0-SNAPSHOT.jar;C:\Users\genes\.m2\repository\org\springframework\boot\spring-boot-autoconfigure\3.1.0-SNAPSHOT\spring-boot-autoconfigure-3.1.0-SNAPSHOT.jar;C:\Users\genes\.m2\repository\com\h2database\h2\2.1.214\h2-2.1.214.jar;C:\Users\genes\.m2\repository\com\mysql\mysql-connector-j\8.0.33\mysql-connector-j-8.0.33.jar;C:\Users\genes\.m2\repository\org\projectlombok\lombok\1.18.26\lombok-1.18.26.jar;C:\Users\genes\.m2\repository\org\springframework\boot\spring-boot-starter-test\3.1.0-SNAPSHOT\spring-boot-starter-test-3.1.0-SNAPSHOT.jar;C:\Users\genes\.m2\repository\org\springframework\boot\spring-boot-test\3.1.0-SNAPSHOT\spring-boot-test-3.1.0-SNAPSHOT.jar;C:\Users\genes\.m2\repository\org\springframework\boot\spring-boot-test-autoconfigure\3.1.0-SNAPSHOT\spring-boot-test-autoconfigure-3.1.0-SNAPSHOT.jar;C:\Users\genes\.m2\repository\com\jayway\jsonpath\json-path\2.8.0\json-path-2.8.0.jar;C:\Users\genes\.m2\repository\jakarta\xml\bind\jakarta.xml.bind-api\4.0.0\jakarta.xml.bind-api-4.0.0.jar;C:\Users\genes\.m2\repository\jakarta\activation\jakarta.activation-api\2.1.1\jakarta.activation-api-2.1.1.jar;C:\Users\genes\.m2\repository\net\minidev\json-smart\2.4.10\json-smart-2.4.10.jar;C:\Users\genes\.m2\repository\net\minidev\accessors-smart\2.4.9\accessors-smart-2.4.9.jar;C:\Users\genes\.m2\repository\org\ow2\asm\asm\9.3\asm-9.3.jar;C:\Users\genes\.m2\repository\org\assertj\assertj-core\3.24.2\assertj-core-3.24.2.jar;C:\Users\genes\.m2\repository\org\hamcrest\hamcrest\2.2\hamcrest-2.2.jar;C:\Users\genes\.m2\repository\org\junit\jupiter\junit-jupiter\5.9.2\junit-jupiter-5.9.2.jar;C:\Users\genes\.m2\repository\org\junit\jupiter\junit-jupiter-api\5.9.2\junit-jupiter-api-5.9.2.jar;C:\Users\genes\.m2\repository\org\opentest4j\opentest4j\1.2.0\opentest4j-1.2.0.jar;C:\Users\genes\.m2\repository\org\junit\platform\junit-platform-commons\1.9.2\junit-platform-commons-1.9.2.jar;C:\Users\genes\.m2\repository\org\apiguardian\apiguardian-api\1.1.2\apiguardian-api-1.1.2.jar;C:\Users\genes\.m2\repository\org\junit\jupiter\junit-jupiter-params\5.9.2\junit-jupiter-params-5.9.2.jar;C:\Users\genes\.m2\repository\org\junit\jupiter\junit-jupiter-engine\5.9.2\junit-jupiter-engine-5.9.2.jar;C:\Users\genes\.m2\repository\org\junit\platform\junit-platform-engine\1.9.2\junit-platform-engine-1.9.2.jar;C:\Users\genes\.m2\repository\org\mockito\mockito-core\5.3.0\mockito-core-5.3.0.jar;C:\Users\genes\.m2\repository\net\bytebuddy\byte-buddy-agent\1.14.4\byte-buddy-agent-1.14.4.jar;C:\Users\genes\.m2\repository\org\objenesis\objenesis\3.3\objenesis-3.3.jar;C:\Users\genes\.m2\repository\org\mockito\mockito-junit-jupiter\5.3.0\mockito-junit-jupiter-5.3.0.jar;C:\Users\genes\.m2\repository\org\skyscreamer\jsonassert\1.5.1\jsonassert-1.5.1.jar;C:\Users\genes\.m2\repository\com\vaadin\external\google\android-json\0.0.20131108.vaadin1\android-json-0.0.20131108.vaadin1.jar;C:\Users\genes\.m2\repository\org\springframework\spring-core\6.0.8\spring-core-6.0.8.jar;C:\Users\genes\.m2\repository\org\springframework\spring-jcl\6.0.8\spring-jcl-6.0.8.jar;C:\Users\genes\.m2\repository\org\springframework\spring-test\6.0.8\spring-test-6.0.8.jar;C:\Users\genes\.m2\repository\org\xmlunit\xmlunit-core\2.9.1\xmlunit-core-2.9.1.jar;"/>
    <property name="java.vm.vendor" value="Oracle Corporation"/>
    <property name="sun.arch.data.model" value="64"/>
    <property name="user.variant" value=""/>
    <property name="java.vendor.url" value="https://java.oracle.com/"/>
    <property name="user.timezone" value="America/Buenos_Aires"/>
    <property name="org.jboss.logging.provider" value="slf4j"/>
    <property name="os.name" value="Windows 10"/>
    <property name="java.vm.specification.version" value="19"/>
    <property name="user.country" value="AR"/>
    <property name="sun.java.launcher" value="SUN_STANDARD"/>
    <property name="sun.boot.library.path" value="C:\Program Files\Java\jdk-19\bin"/>
    <property name="sun.java.command" value="C:\Users\genes\AppData\Local\Temp\surefire10067963876955690049\surefirebooter-20230427173031493_3.jar C:\Users\genes\AppData\Local\Temp\surefire10067963876955690049 2023-04-27T17-30-25_320-jvmRun1 surefire-20230427173031493_1tmp surefire_0-20230427173031493_2tmp"/>
    <property name="jdk.debug" value="release"/>
    <property name="surefire.test.class.path" value="C:\Users\genes\Documents\Proyecto Argentina\BackEnd\portfolio-BackEnd\service\service\target\test-classes;C:\Users\genes\Documents\Proyecto Argentina\BackEnd\portfolio-BackEnd\service\service\target\classes;C:\Users\genes\.m2\repository\org\springframework\boot\spring-boot-starter-data-jpa\3.1.0-SNAPSHOT\spring-boot-starter-data-jpa-3.1.0-SNAPSHOT.jar;C:\Users\genes\.m2\repository\org\springframework\boot\spring-boot-starter-aop\3.1.0-SNAPSHOT\spring-boot-starter-aop-3.1.0-SNAPSHOT.jar;C:\Users\genes\.m2\repository\org\springframework\spring-aop\6.0.8\spring-aop-6.0.8.jar;C:\Users\genes\.m2\repository\org\aspectj\aspectjweaver\1.9.19\aspectjweaver-1.9.19.jar;C:\Users\genes\.m2\repository\org\springframework\boot\spring-boot-starter-jdbc\3.1.0-SNAPSHOT\spring-boot-starter-jdbc-3.1.0-SNAPSHOT.jar;C:\Users\genes\.m2\repository\com\zaxxer\HikariCP\5.0.1\HikariCP-5.0.1.jar;C:\Users\genes\.m2\repository\org\springframework\spring-jdbc\6.0.8\spring-jdbc-6.0.8.jar;C:\Users\genes\.m2\repository\org\hibernate\orm\hibernate-core\6.2.1.Final\hibernate-core-6.2.1.Final.jar;C:\Users\genes\.m2\repository\jakarta\persistence\jakarta.persistence-api\3.1.0\jakarta.persistence-api-3.1.0.jar;C:\Users\genes\.m2\repository\jakarta\transaction\jakarta.transaction-api\2.0.1\jakarta.transaction-api-2.0.1.jar;C:\Users\genes\.m2\repository\org\jboss\logging\jboss-logging\3.5.0.Final\jboss-logging-3.5.0.Final.jar;C:\Users\genes\.m2\repository\org\hibernate\common\hibernate-commons-annotations\6.0.6.Final\hibernate-commons-annotations-6.0.6.Final.jar;C:\Users\genes\.m2\repository\io\smallrye\jandex\3.0.5\jandex-3.0.5.jar;C:\Users\genes\.m2\repository\com\fasterxml\classmate\1.5.1\classmate-1.5.1.jar;C:\Users\genes\.m2\repository\net\bytebuddy\byte-buddy\1.14.4\byte-buddy-1.14.4.jar;C:\Users\genes\.m2\repository\org\glassfish\jaxb\jaxb-runtime\4.0.2\jaxb-runtime-4.0.2.jar;C:\Users\genes\.m2\repository\org\glassfish\jaxb\jaxb-core\4.0.2\jaxb-core-4.0.2.jar;C:\Users\genes\.m2\repository\org\eclipse\angus\angus-activation\2.0.0\angus-activation-2.0.0.jar;C:\Users\genes\.m2\repository\org\glassfish\jaxb\txw2\4.0.2\txw2-4.0.2.jar;C:\Users\genes\.m2\repository\com\sun\istack\istack-commons-runtime\4.1.1\istack-commons-runtime-4.1.1.jar;C:\Users\genes\.m2\repository\jakarta\inject\jakarta.inject-api\2.0.1\jakarta.inject-api-2.0.1.jar;C:\Users\genes\.m2\repository\org\antlr\antlr4-runtime\4.10.1\antlr4-runtime-4.10.1.jar;C:\Users\genes\.m2\repository\org\springframework\data\spring-data-jpa\3.1.0-RC1\spring-data-jpa-3.1.0-RC1.jar;C:\Users\genes\.m2\repository\org\springframework\data\spring-data-commons\3.1.0-RC1\spring-data-commons-3.1.0-RC1.jar;C:\Users\genes\.m2\repository\org\springframework\spring-orm\6.0.8\spring-orm-6.0.8.jar;C:\Users\genes\.m2\repository\org\springframework\spring-context\6.0.8\spring-context-6.0.8.jar;C:\Users\genes\.m2\repository\org\springframework\spring-tx\6.0.8\spring-tx-6.0.8.jar;C:\Users\genes\.m2\repository\org\springframework\spring-beans\6.0.8\spring-beans-6.0.8.jar;C:\Users\genes\.m2\repository\jakarta\annotation\jakarta.annotation-api\2.1.1\jakarta.annotation-api-2.1.1.jar;C:\Users\genes\.m2\repository\org\slf4j\slf4j-api\2.0.7\slf4j-api-2.0.7.jar;C:\Users\genes\.m2\repository\org\springframework\spring-aspects\6.0.8\spring-aspects-6.0.8.jar;C:\Users\genes\.m2\repository\org\springframework\boot\spring-boot-starter-web\3.1.0-SNAPSHOT\spring-boot-starter-web-3.1.0-SNAPSHOT.jar;C:\Users\genes\.m2\repository\org\springframework\boot\spring-boot-starter\3.1.0-SNAPSHOT\spring-boot-starter-3.1.0-SNAPSHOT.jar;C:\Users\genes\.m2\repository\org\springframework\boot\spring-boot-starter-logging\3.1.0-SNAPSHOT\spring-boot-starter-logging-3.1.0-SNAPSHOT.jar;C:\Users\genes\.m2\repository\ch\qos\logback\logback-classic\1.4.7\logback-classic-1.4.7.jar;C:\Users\genes\.m2\repository\ch\qos\logback\logback-core\1.4.7\logback-core-1.4.7.jar;C:\Users\genes\.m2\repository\org\apache\logging\log4j\log4j-to-slf4j\2.20.0\log4j-to-slf4j-2.20.0.jar;C:\Users\genes\.m2\repository\org\apache\logging\log4j\log4j-api\2.20.0\log4j-api-2.20.0.jar;C:\Users\genes\.m2\repository\org\slf4j\jul-to-slf4j\2.0.7\jul-to-slf4j-2.0.7.jar;C:\Users\genes\.m2\repository\org\yaml\snakeyaml\1.33\snakeyaml-1.33.jar;C:\Users\genes\.m2\repository\org\springframework\boot\spring-boot-starter-json\3.1.0-SNAPSHOT\spring-boot-starter-json-3.1.0-SNAPSHOT.jar;C:\Users\genes\.m2\repository\com\fasterxml\jackson\core\jackson-databind\2.15.0-rc3\jackson-databind-2.15.0-rc3.jar;C:\Users\genes\.m2\repository\com\fasterxml\jackson\core\jackson-annotations\2.15.0-rc3\jackson-annotations-2.15.0-rc3.jar;C:\Users\genes\.m2\repository\com\fasterxml\jackson\core\jackson-core\2.15.0-rc3\jackson-core-2.15.0-rc3.jar;C:\Users\genes\.m2\repository\com\fasterxml\jackson\datatype\jackson-datatype-jdk8\2.15.0-rc3\jackson-datatype-jdk8-2.15.0-rc3.jar;C:\Users\genes\.m2\repository\com\fasterxml\jackson\datatype\jackson-datatype-jsr310\2.15.0-rc3\jackson-datatype-jsr310-2.15.0-rc3.jar;C:\Users\genes\.m2\repository\com\fasterxml\jackson\module\jackson-module-parameter-names\2.15.0-rc3\jackson-module-parameter-names-2.15.0-rc3.jar;C:\Users\genes\.m2\repository\org\springframework\boot\spring-boot-starter-tomcat\3.1.0-SNAPSHOT\spring-boot-starter-tomcat-3.1.0-SNAPSHOT.jar;C:\Users\genes\.m2\repository\org\apache\tomcat\embed\tomcat-embed-core\10.1.8\tomcat-embed-core-10.1.8.jar;C:\Users\genes\.m2\repository\org\apache\tomcat\embed\tomcat-embed-el\10.1.8\tomcat-embed-el-10.1.8.jar;C:\Users\genes\.m2\repository\org\apache\tomcat\embed\tomcat-embed-websocket\10.1.8\tomcat-embed-websocket-10.1.8.jar;C:\Users\genes\.m2\repository\org\springframework\spring-web\6.0.8\spring-web-6.0.8.jar;C:\Users\genes\.m2\repository\io\micrometer\micrometer-observation\1.11.0-RC1\micrometer-observation-1.11.0-RC1.jar;C:\Users\genes\.m2\repository\io\micrometer\micrometer-commons\1.11.0-RC1\micrometer-commons-1.11.0-RC1.jar;C:\Users\genes\.m2\repository\org\springframework\spring-webmvc\6.0.8\spring-webmvc-6.0.8.jar;C:\Users\genes\.m2\repository\org\springframework\spring-expression\6.0.8\spring-expression-6.0.8.jar;C:\Users\genes\.m2\repository\org\springframework\boot\spring-boot-devtools\3.1.0-SNAPSHOT\spring-boot-devtools-3.1.0-SNAPSHOT.jar;C:\Users\genes\.m2\repository\org\springframework\boot\spring-boot\3.1.0-SNAPSHOT\spring-boot-3.1.0-SNAPSHOT.jar;C:\Users\genes\.m2\repository\org\springframework\boot\spring-boot-autoconfigure\3.1.0-SNAPSHOT\spring-boot-autoconfigure-3.1.0-SNAPSHOT.jar;C:\Users\genes\.m2\repository\com\h2database\h2\2.1.214\h2-2.1.214.jar;C:\Users\genes\.m2\repository\com\mysql\mysql-connector-j\8.0.33\mysql-connector-j-8.0.33.jar;C:\Users\genes\.m2\repository\org\projectlombok\lombok\1.18.26\lombok-1.18.26.jar;C:\Users\genes\.m2\repository\org\springframework\boot\spring-boot-starter-test\3.1.0-SNAPSHOT\spring-boot-starter-test-3.1.0-SNAPSHOT.jar;C:\Users\genes\.m2\repository\org\springframework\boot\spring-boot-test\3.1.0-SNAPSHOT\spring-boot-test-3.1.0-SNAPSHOT.jar;C:\Users\genes\.m2\repository\org\springframework\boot\spring-boot-test-autoconfigure\3.1.0-SNAPSHOT\spring-boot-test-autoconfigure-3.1.0-SNAPSHOT.jar;C:\Users\genes\.m2\repository\com\jayway\jsonpath\json-path\2.8.0\json-path-2.8.0.jar;C:\Users\genes\.m2\repository\jakarta\xml\bind\jakarta.xml.bind-api\4.0.0\jakarta.xml.bind-api-4.0.0.jar;C:\Users\genes\.m2\repository\jakarta\activation\jakarta.activation-api\2.1.1\jakarta.activation-api-2.1.1.jar;C:\Users\genes\.m2\repository\net\minidev\json-smart\2.4.10\json-smart-2.4.10.jar;C:\Users\genes\.m2\repository\net\minidev\accessors-smart\2.4.9\accessors-smart-2.4.9.jar;C:\Users\genes\.m2\repository\org\ow2\asm\asm\9.3\asm-9.3.jar;C:\Users\genes\.m2\repository\org\assertj\assertj-core\3.24.2\assertj-core-3.24.2.jar;C:\Users\genes\.m2\repository\org\hamcrest\hamcrest\2.2\hamcrest-2.2.jar;C:\Users\genes\.m2\repository\org\junit\jupiter\junit-jupiter\5.9.2\junit-jupiter-5.9.2.jar;C:\Users\genes\.m2\repository\org\junit\jupiter\junit-jupiter-api\5.9.2\junit-jupiter-api-5.9.2.jar;C:\Users\genes\.m2\repository\org\opentest4j\opentest4j\1.2.0\opentest4j-1.2.0.jar;C:\Users\genes\.m2\repository\org\junit\platform\junit-platform-commons\1.9.2\junit-platform-commons-1.9.2.jar;C:\Users\genes\.m2\repository\org\apiguardian\apiguardian-api\1.1.2\apiguardian-api-1.1.2.jar;C:\Users\genes\.m2\repository\org\junit\jupiter\junit-jupiter-params\5.9.2\junit-jupiter-params-5.9.2.jar;C:\Users\genes\.m2\repository\org\junit\jupiter\junit-jupiter-engine\5.9.2\junit-jupiter-engine-5.9.2.jar;C:\Users\genes\.m2\repository\org\junit\platform\junit-platform-engine\1.9.2\junit-platform-engine-1.9.2.jar;C:\Users\genes\.m2\repository\org\mockito\mockito-core\5.3.0\mockito-core-5.3.0.jar;C:\Users\genes\.m2\repository\net\bytebuddy\byte-buddy-agent\1.14.4\byte-buddy-agent-1.14.4.jar;C:\Users\genes\.m2\repository\org\objenesis\objenesis\3.3\objenesis-3.3.jar;C:\Users\genes\.m2\repository\org\mockito\mockito-junit-jupiter\5.3.0\mockito-junit-jupiter-5.3.0.jar;C:\Users\genes\.m2\repository\org\skyscreamer\jsonassert\1.5.1\jsonassert-1.5.1.jar;C:\Users\genes\.m2\repository\com\vaadin\external\google\android-json\0.0.20131108.vaadin1\android-json-0.0.20131108.vaadin1.jar;C:\Users\genes\.m2\repository\org\springframework\spring-core\6.0.8\spring-core-6.0.8.jar;C:\Users\genes\.m2\repository\org\springframework\spring-jcl\6.0.8\spring-jcl-6.0.8.jar;C:\Users\genes\.m2\repository\org\springframework\spring-test\6.0.8\spring-test-6.0.8.jar;C:\Users\genes\.m2\repository\org\xmlunit\xmlunit-core\2.9.1\xmlunit-core-2.9.1.jar;"/>
    <property name="sun.cpu.endian" value="little"/>
    <property name="user.home" value="C:\Users\genes"/>
    <property name="user.language" value="es"/>
    <property name="java.specification.vendor" value="Oracle Corporation"/>
    <property name="java.version.date" value="2023-01-17"/>
    <property name="java.home" value="C:\Program Files\Java\jdk-19"/>
    <property name="file.separator" value="\"/>
    <property name="basedir" value="C:\Users\genes\Documents\Proyecto Argentina\BackEnd\portfolio-BackEnd\service\service"/>
    <property name="java.vm.compressedOopsMode" value="32-bit"/>
    <property name="line.separator" value="&#10;"/>
    <property name="java.vm.specification.vendor" value="Oracle Corporation"/>
    <property name="java.specification.name" value="Java Platform API Specification"/>
    <property name="FILE_LOG_CHARSET" value="UTF-8"/>
    <property name="java.awt.headless" value="true"/>
    <property name="surefire.real.class.path" value="C:\Users\genes\AppData\Local\Temp\surefire10067963876955690049\surefirebooter-20230427173031493_3.jar"/>
    <property name="user.script" value=""/>
    <property name="sun.management.compiler" value="HotSpot 64-Bit Tiered Compilers"/>
    <property name="java.runtime.version" value="19.0.2+7-44"/>
    <property name="user.name" value="genes"/>
    <property name="stdout.encoding" value="Cp1252"/>
    <property name="path.separator" value=";"/>
    <property name="os.version" value="10.0"/>
    <property name="java.runtime.name" value="Java(TM) SE Runtime Environment"/>
    <property name="file.encoding" value="UTF-8"/>
    <property name="java.vm.name" value="Java HotSpot(TM) 64-Bit Server VM"/>
    <property name="maven.ext.class.path" value="C:\Program Files\NetBeans-17\netbeans\java\maven-nblib\netbeans-eventspy.jar"/>
    <property name="localRepository" value="C:\Users\genes\.m2\repository"/>
    <property name="java.vendor.url.bug" value="https://bugreport.java.com/bugreport/"/>
    <property name="java.io.tmpdir" value="C:\Users\genes\AppData\Local\Temp\"/>
    <property name="com.zaxxer.hikari.pool_number" value="1"/>
    <property name="java.version" value="19.0.2"/>
    <property name="user.dir" value="C:\Users\genes\Documents\Proyecto Argentina\BackEnd\portfolio-BackEnd\service\service"/>
    <property name="os.arch" value="amd64"/>
    <property name="java.vm.specification.name" value="Java Virtual Machine Specification"/>
    <property name="PID" value="3168"/>
    <property name="sun.os.patch.level" value=""/>
    <property name="CONSOLE_LOG_CHARSET" value="UTF-8"/>
    <property name="native.encoding" value="Cp1252"/>
    <property name="java.library.path" value="C:\Program Files\Java\jdk-19\bin;C:\WINDOWS\Sun\Java\bin;C:\WINDOWS\system32;C:\WINDOWS;C:\Program Files\Common Files\Oracle\Java\javapath;C:\Python311\Scripts\;C:\Python311\;C:\Program Files (x86)\Common Files\Oracle\Java\javapath;C:\Program Files (x86)\Intel\Intel(R) Management Engine Components\iCLS\;C:\Program Files\Intel\Intel(R) Management Engine Components\iCLS\;C:\WINDOWS\system32;C:\WINDOWS;C:\WINDOWS\System32\Wbem;C:\WINDOWS\System32\WindowsPowerShell\v1.0\;C:\WINDOWS\System32\OpenSSH\;C:\Program Files (x86)\Intel\Intel(R) Management Engine Components\DAL;C:\Program Files\Intel\Intel(R) Management Engine Components\DAL;C:\Program Files (x86)\Intel\Intel(R) Management Engine Components\IPT;C:\Program Files\Intel\Intel(R) Management Engine Components\IPT;C:\Program Files\Git\cmd;C:\Program Files\Microsoft SQL Server\130\Tools\Binn\;C:\Program Files\Microsoft SQL Server\Client SDK\ODBC\170\Tools\Binn\;C:\ProgramData\chocolatey\bin;C:\Program Files\java\;C:\Program Files\Java\jre1.8.0_231\bin;C:\gradle-6.0.1\bin;C:\tools\bin;C:\Program Files (x86)\Microsoft SQL Server\150\DTS\Binn\;C:\Program Files (x86)\Microsoft SQL Server\150\Tools\Binn\;C:\Program Files\Microsoft SQL Server\150\Tools\Binn\;C:\Program Files\Microsoft SQL Server\150\DTS\Binn\;C:\Users\arman\AppData\Local\Programs\Python\Python38\Scripts;C:\Users\arman\AppData\Local\Programs\Python\Python38;C:\Program Files\dotnet\;C:\Program Files\Docker\Docker\resources\bin;C:\ProgramData\DockerDesktop\version-bin;C:\WINDOWS\system32;C:\WINDOWS;C:\WINDOWS\System32\Wbem;C:\WINDOWS\System32\WindowsPowerShell\v1.0\;C:\WINDOWS\System32\OpenSSH\;C:\Program Files\nodejs\;C:\Users\genes\AppData\Local\Microsoft\WindowsApps;;C:\Users\genes\AppData\Local\Programs\Microsoft VS Code\bin;C:\Users\genes\AppData\Roaming\npm;."/>
    <property name="java.vm.info" value="mixed mode, sharing"/>
    <property name="stderr.encoding" value="Cp1252"/>
    <property name="java.vendor" value="Oracle Corporation"/>
    <property name="java.vm.version" value="19.0.2+7-44"/>
    <property name="sun.io.unicode.encoding" value="UnicodeLittle"/>
    <property name="java.class.version" value="63.0"/>
  </properties>
  <testcase name="contextLoads" classname="com.api.service.ServiceApplicationTests" time="1.253">
    <system-out><![CDATA[17:30:34.281 [main] DEBUG org.springframework.boot.test.context.SpringBootTestContextBootstrapper -- Neither @ContextConfiguration nor @ContextHierarchy found for test class [ServiceApplicationTests]: using SpringBootContextLoader
17:30:34.292 [main] DEBUG org.springframework.test.context.support.AbstractContextLoader -- Could not detect default resource locations for test class [com.api.service.ServiceApplicationTests]: no resource found for suffixes {-context.xml, Context.groovy}.
17:30:34.293 [main] INFO org.springframework.test.context.support.AnnotationConfigContextLoaderUtils -- Could not detect default configuration classes for test class [com.api.service.ServiceApplicationTests]: ServiceApplicationTests does not declare any static, non-private, non-final, nested classes annotated with @Configuration.
17:30:34.368 [main] DEBUG org.springframework.boot.test.context.SpringBootTestContextBootstrapper -- Using ContextCustomizers for test class [ServiceApplicationTests]: [ExcludeFilterContextCustomizer, DuplicateJsonObjectContextCustomizer, MockitoContextCustomizer, TestRestTemplateContextCustomizer, DisableObservabilityContextCustomizer, PropertyMappingContextCustomizer, Customizer]
17:30:34.628 [main] DEBUG org.springframework.context.annotation.ClassPathScanningCandidateComponentProvider -- Identified candidate component class: file [C:\Users\genes\Documents\Proyecto Argentina\BackEnd\portfolio-BackEnd\service\service\target\classes\com\api\service\ServiceApplication.class]
17:30:34.633 [main] INFO org.springframework.boot.test.context.SpringBootTestContextBootstrapper -- Found @SpringBootConfiguration com.api.service.ServiceApplication for test class com.api.service.ServiceApplicationTests
17:30:34.903 [main] DEBUG org.springframework.boot.test.context.SpringBootTestContextBootstrapper -- Using TestExecutionListeners for test class [ServiceApplicationTests]: [ServletTestExecutionListener, DirtiesContextBeforeModesTestExecutionListener, ApplicationEventsTestExecutionListener, MockitoTestExecutionListener, DependencyInjectionTestExecutionListener, DirtiesContextTestExecutionListener, TransactionalTestExecutionListener, SqlScriptsTestExecutionListener, EventPublishingTestExecutionListener, ResetMocksTestExecutionListener, RestDocsTestExecutionListener, MockRestServiceServerResetTestExecutionListener, MockMvcPrintOnlyOnFailureTestExecutionListener, WebDriverTestExecutionListener, MockWebServiceServerTestExecutionListener]
17:30:34.906 [main] DEBUG org.springframework.test.context.support.AbstractDirtiesContextTestExecutionListener -- Before test class: class [ServiceApplicationTests], class annotated with @DirtiesContext [false] with mode [null]

  .   ____          _            __ _ _
 /\\ / ___'_ __ _ _(_)_ __  __ _ \ \ \ \
( ( )\___ | '_ | '_| | '_ \/ _` | \ \ \ \
 \\/  ___)| |_)| | | | | || (_| |  ) ) ) )
  '  |____| .__|_| |_|_| |_\__, | / / / /
 =========|_|==============|___/=/_/_/_/
 :: Spring Boot ::       (v3.1.0-SNAPSHOT)

2023-04-27T17:30:35.628-03:00  INFO 3168 --- [           main] c.api.service.ServiceApplicationTests    : Starting ServiceApplicationTests using Java 19.0.2 with PID 3168 (started by genes in C:\Users\genes\Documents\Proyecto Argentina\BackEnd\portfolio-BackEnd\service\service)
2023-04-27T17:30:35.632-03:00  INFO 3168 --- [           main] c.api.service.ServiceApplicationTests    : No active profile set, falling back to 1 default profile: "default"
2023-04-27T17:30:37.740-03:00  INFO 3168 --- [           main] .s.d.r.c.RepositoryConfigurationDelegate : Bootstrapping Spring Data JPA repositories in DEFAULT mode.
2023-04-27T17:30:37.966-03:00  INFO 3168 --- [           main] .s.d.r.c.RepositoryConfigurationDelegate : Finished Spring Data repository scanning in 197 ms. Found 7 JPA repository interfaces.
2023-04-27T17:30:39.430-03:00  INFO 3168 --- [           main] com.zaxxer.hikari.HikariDataSource       : HikariPool-1 - Starting...
2023-04-27T17:30:39.930-03:00  INFO 3168 --- [           main] com.zaxxer.hikari.pool.HikariPool        : HikariPool-1 - Added connection conn0: url=jdbc:h2:mem:e1d2fb09-9a46-4846-a8e8-db432e1ddeb4 user=SA
2023-04-27T17:30:39.934-03:00  INFO 3168 --- [           main] com.zaxxer.hikari.HikariDataSource       : HikariPool-1 - Start completed.
2023-04-27T17:30:40.069-03:00  INFO 3168 --- [           main] o.hibernate.jpa.internal.util.LogHelper  : HHH000204: Processing PersistenceUnitInfo [name: default]
2023-04-27T17:30:40.290-03:00  INFO 3168 --- [           main] org.hibernate.Version                    : HHH000412: Hibernate ORM core version 6.2.1.Final
2023-04-27T17:30:40.296-03:00  INFO 3168 --- [           main] org.hibernate.cfg.Environment            : HHH000406: Using bytecode reflection optimizer
2023-04-27T17:30:40.872-03:00  INFO 3168 --- [           main] o.h.b.i.BytecodeProviderInitiator        : HHH000021: Bytecode provider name : bytebuddy
2023-04-27T17:30:41.359-03:00  INFO 3168 --- [           main] o.s.o.j.p.SpringPersistenceUnitInfo      : No LoadTimeWeaver setup: ignoring JPA class transformer
2023-04-27T17:30:41.638-03:00  INFO 3168 --- [           main] SQL dialect                              : HHH000400: Using dialect: org.hibernate.dialect.H2Dialect, version: 2.1.214
2023-04-27T17:30:42.357-03:00  INFO 3168 --- [           main] o.h.b.i.BytecodeProviderInitiator        : HHH000021: Bytecode provider name : bytebuddy
2023-04-27T17:30:43.870-03:00  INFO 3168 --- [           main] o.h.e.t.j.p.i.JtaPlatformInitiator       : HHH000490: Using JtaPlatform implementation: [org.hibernate.engine.transaction.jta.platform.internal.NoJtaPlatform]
2023-04-27T17:30:43.934-03:00  INFO 3168 --- [           main] o.h.t.s.i.e.GenerationTargetToDatabase   : HHH000476: Executing script '[injected ScriptSourceInputNonExistentImpl script]'
2023-04-27T17:30:43.938-03:00  INFO 3168 --- [           main] j.LocalContainerEntityManagerFactoryBean : Initialized JPA EntityManagerFactory for persistence unit 'default'
2023-04-27T17:30:45.733-03:00  WARN 3168 --- [           main] JpaBaseConfiguration$JpaWebConfiguration : spring.jpa.open-in-view is enabled by default. Therefore, database queries may be performed during view rendering. Explicitly configure spring.jpa.open-in-view to disable this warning
2023-04-27T17:30:47.392-03:00  INFO 3168 --- [           main] c.api.service.ServiceApplicationTests    : Started ServiceApplicationTests in 12.39 seconds (process running for 15.433)
]]></system-out>
  </testcase>
</testsuite>